2026-06-19T10:41:59Z INF Thank you for trying Cloudflare Tunnel. Doing so, without a Cloudflare account, is a quick way to experiment and try it out. However, be aware that these account-less Tunnels have no uptime guarantee, are subject to the Cloudflare Online Services Terms of Use (https://www.cloudflare.com/website-terms/), and Cloudflare reserves the right to investigate your use of Tunnels for violations of such terms. If you intend to use Tunnels in production you should use a pre-created named tunnel by following: https://developers.cloudflare.com/cloudflare-one/connections/connect-apps
2026-06-19T10:41:59Z INF Requesting new quick Tunnel on trycloudflare.com...
2026-06-19T10:42:06Z INF +--------------------------------------------------------------------------------------------+
2026-06-19T10:42:06Z INF |  Your quick Tunnel has been created! Visit it at (it may take some time to be reachable):  |
2026-06-19T10:42:06Z INF |  https://versus-enhancing-nutten-cross.trycloudflare.com                                   |
2026-06-19T10:42:06Z INF +--------------------------------------------------------------------------------------------+
2026-06-19T10:42:06Z INF Cannot determine default configuration path. No file [config.yml config.yaml] in [~/.cloudflared ~/.cloudflare-warp ~/cloudflare-warp]
2026-06-19T10:42:06Z INF Version 2026.6.1 (Checksum 5253e66f1f493c4e13539749f1aa86fd0c61e3072900fec29a44ba046a6d97e2)
2026-06-19T10:42:06Z INF GOOS: windows, GOVersion: go1.26.4, GoArch: amd64
2026-06-19T10:42:06Z INF Settings: map[ha-connections:1 protocol:quic url:http://localhost:8000]
2026-06-19T10:42:06Z INF cloudflared will not automatically update on Windows systems.
2026-06-19T10:42:06Z INF Generated Connector ID: ebea536c-3886-4df3-aa07-855cd07aafae
2026-06-19T10:42:06Z INF Initial protocol quic
2026-06-19T10:42:06Z INF ICMP proxy will use 192.168.1.18 as source for IPv4
2026-06-19T10:42:06Z INF ICMP proxy will use 2401:4900:1cc9:cb9c:c5f4:9f36:d320:357 in zone Wi-Fi 2 as source for IPv6
2026-06-19T10:42:06Z INF cloudflared does not support loading the system root certificate pool on Windows. Please use --origin-ca-pool <PATH> to specify the path to the certificate pool
2026-06-19T10:42:06Z INF ICMP proxy will use 192.168.1.18 as source for IPv4
2026-06-19T10:42:06Z INF Tunnel connection curve preferences: [X25519MLKEM768 CurveID(65074) CurveP256] connIndex=0 event=0 ip=2606:4700:a8::3
2026-06-19T10:42:06Z INF ICMP proxy will use 2401:4900:1cc9:cb9c:c5f4:9f36:d320:357 in zone Wi-Fi 2 as source for IPv6
2026-06-19T10:42:06Z INF Starting metrics server on 127.0.0.1:20241/metrics
2026-06-19T10:42:06Z INF +-------------------------------------------------------------------------------------+
2026-06-19T10:42:06Z INF |                               CONNECTIVITY PRE-CHECKS                               |
2026-06-19T10:42:06Z INF +-------------------------------------------------------------------------------------+
2026-06-19T10:42:06Z INF |  COMPONENT         TARGET                     STATUS  DETAILS                       |
2026-06-19T10:42:06Z INF |  DNS Resolution    region1.v2.argotunnel.com  PASS    DNS Resolved successfully     |
2026-06-19T10:42:06Z INF |  DNS Resolution    region2.v2.argotunnel.com  PASS    DNS Resolved successfully     |
2026-06-19T10:42:06Z INF |  UDP Connectivity  region1.v2.argotunnel.com  PASS    QUIC connection successful    |
2026-06-19T10:42:06Z INF |  UDP Connectivity  region2.v2.argotunnel.com  PASS    QUIC connection successful    |
2026-06-19T10:42:06Z INF |  TCP Connectivity  region1.v2.argotunnel.com  PASS    HTTP/2 connection successful  |
2026-06-19T10:42:06Z INF |  TCP Connectivity  region2.v2.argotunnel.com  PASS    HTTP/2 connection successful  |
2026-06-19T10:42:06Z INF |  Cloudflare API    api.cloudflare.com:443     PASS    API is reachable              |
2026-06-19T10:42:06Z INF |                                                                                     |
2026-06-19T10:42:06Z INF |  SUMMARY: Environment is healthy. cloudflared will use 'quic' as primary protocol.  |
2026-06-19T10:42:06Z INF +-------------------------------------------------------------------------------------+
2026-06-19T10:42:06Z INF precheck component="DNS Resolution" details="DNS Resolved successfully" run_id=3ced6813-120a-4022-935f-b24ed5643f4e status=pass target=region1.v2.argotunnel.com
2026-06-19T10:42:06Z INF precheck component="DNS Resolution" details="DNS Resolved successfully" run_id=3ced6813-120a-4022-935f-b24ed5643f4e status=pass target=region2.v2.argotunnel.com
2026-06-19T10:42:06Z INF precheck component="UDP Connectivity" details="QUIC connection successful" run_id=3ced6813-120a-4022-935f-b24ed5643f4e status=pass target=region1.v2.argotunnel.com
2026-06-19T10:42:06Z INF precheck component="UDP Connectivity" details="QUIC connection successful" run_id=3ced6813-120a-4022-935f-b24ed5643f4e status=pass target=region2.v2.argotunnel.com
2026-06-19T10:42:06Z INF precheck component="TCP Connectivity" details="HTTP/2 connection successful" run_id=3ced6813-120a-4022-935f-b24ed5643f4e status=pass target=region1.v2.argotunnel.com
2026-06-19T10:42:06Z INF precheck component="TCP Connectivity" details="HTTP/2 connection successful" run_id=3ced6813-120a-4022-935f-b24ed5643f4e status=pass target=region2.v2.argotunnel.com
2026-06-19T10:42:06Z INF precheck component="Cloudflare API" details="API is reachable" run_id=3ced6813-120a-4022-935f-b24ed5643f4e status=pass target=api.cloudflare.com:443
2026-06-19T10:42:06Z INF precheck complete hard_fail=false run_id=3ced6813-120a-4022-935f-b24ed5643f4e suggested_protocol=quic
2026-06-19T10:42:07Z INF Registered tunnel connection connIndex=0 connection=9a82ce5f-cd37-499a-8e5c-2d2f59f9f4db event=0 ip=2606:4700:a8::3 location=del03 protocol=quic
